<?xml version="1.0" encoding="UTF-8"?>
<coverage generated="1759089445555" clover="3.2.0">
  <project timestamp="1759089445555" name="All files">
    <metrics statements="46" coveredstatements="46" conditionals="10" coveredconditionals="9" methods="11" coveredmethods="11" elements="67" coveredelements="66" complexity="0" loc="46" ncloc="46" packages="4" files="5" classes="5"/>
    <package name="api">
      <metrics statements="4" coveredstatements="4" conditionals="0" coveredconditionals="0" methods="0" coveredmethods="0"/>
      <file name="constants.js" path="/Users/richardosei/oj/assessments/hmtcs/api/constants.js">
        <metrics statements="4" coveredstatements="4" conditionals="0" coveredconditionals="0" methods="0" coveredmethods="0"/>
        <line num="7" count="1" type="stmt"/>
        <line num="9" count="1" type="stmt"/>
        <line num="11" count="1" type="stmt"/>
        <line num="28" count="1" type="stmt"/>
      </file>
    </package>
    <package name="api.middleware">
      <metrics statements="17" coveredstatements="17" conditionals="4" coveredconditionals="4" methods="2" coveredmethods="2"/>
      <file name="validateCaseExists.js" path="/Users/richardosei/oj/assessments/hmtcs/api/middleware/validateCaseExists.js">
        <metrics statements="11" coveredstatements="11" conditionals="2" coveredconditionals="2" methods="1" coveredmethods="1"/>
        <line num="6" count="1" type="stmt"/>
        <line num="7" count="1" type="stmt"/>
        <line num="12" count="3" type="stmt"/>
        <line num="13" count="3" type="stmt"/>
        <line num="14" count="3" type="stmt"/>
        <line num="16" count="2" type="cond" truecount="2" falsecount="0"/>
        <line num="17" count="1" type="stmt"/>
        <line num="20" count="1" type="stmt"/>
        <line num="21" count="1" type="stmt"/>
        <line num="24" count="1" type="stmt"/>
        <line num="28" count="1" type="stmt"/>
      </file>
      <file name="validateUuidParam.js" path="/Users/richardosei/oj/assessments/hmtcs/api/middleware/validateUuidParam.js">
        <metrics statements="6" coveredstatements="6" conditionals="2" coveredconditionals="2" methods="1" coveredmethods="1"/>
        <line num="1" count="1" type="stmt"/>
        <line num="4" count="2" type="stmt"/>
        <line num="6" count="2" type="cond" truecount="2" falsecount="0"/>
        <line num="7" count="1" type="stmt"/>
        <line num="13" count="1" type="stmt"/>
        <line num="16" count="1" type="stmt"/>
      </file>
    </package>
    <package name="api.models">
      <metrics statements="7" coveredstatements="7" conditionals="4" coveredconditionals="3" methods="1" coveredmethods="1"/>
      <file name="case.js" path="/Users/richardosei/oj/assessments/hmtcs/api/models/case.js">
        <metrics statements="7" coveredstatements="7" conditionals="4" coveredconditionals="3" methods="1" coveredmethods="1"/>
        <line num="10" count="8" type="stmt"/>
        <line num="11" count="8" type="stmt"/>
        <line num="12" count="8" type="stmt"/>
        <line num="13" count="8" type="stmt"/>
        <line num="14" count="8" type="stmt"/>
        <line num="15" count="8" type="stmt"/>
        <line num="19" count="2" type="stmt"/>
      </file>
    </package>
    <package name="api.services">
      <metrics statements="18" coveredstatements="18" conditionals="2" coveredconditionals="2" methods="8" coveredmethods="8"/>
      <file name="caseService.js" path="/Users/richardosei/oj/assessments/hmtcs/api/services/caseService.js">
        <metrics statements="18" coveredstatements="18" conditionals="2" coveredconditionals="2" methods="8" coveredmethods="8"/>
        <line num="4" count="2" type="stmt"/>
        <line num="6" count="2" type="stmt"/>
        <line num="7" count="2" type="stmt"/>
        <line num="16" count="1" type="stmt"/>
        <line num="19" count="1" type="stmt"/>
        <line num="29" count="1" type="stmt"/>
        <line num="34" count="1" type="stmt"/>
        <line num="35" count="2" type="stmt"/>
        <line num="40" count="2" type="stmt"/>
        <line num="41" count="2" type="cond" truecount="2" falsecount="0"/>
        <line num="46" count="1" type="stmt"/>
        <line num="50" count="1" type="stmt"/>
        <line num="55" count="1" type="stmt"/>
        <line num="59" count="1" type="stmt"/>
        <line num="64" count="1" type="stmt"/>
        <line num="68" count="1" type="stmt"/>
        <line num="73" count="1" type="stmt"/>
        <line num="77" count="2" type="stmt"/>
      </file>
    </package>
  </project>
</coverage>
