{"/Users/richardosei/oj/assessments/hmtcs/api/constants.js": {"path":"/Users/richardosei/oj/assessments/hmtcs/api/constants.js","statementMap":{"0":{"start":{"line":7,"column":22},"end":{"line":7,"column":55}},"1":{"start":{"line":9,"column":24},"end":{"line":9,"column":49}},"2":{"start":{"line":11,"column":17},"end":{"line":26,"column":1}},"3":{"start":{"line":28,"column":0},"end":{"line":28,"column":62}}},"fnMap":{},"branchMap":{},"s":{"0":1,"1":1,"2":1,"3":1},"f":{},"b":{},"_coverageSchema":"1a1c01bbd47fc00a2c39e90264f33305004495a9","hash":"1e3e85785534d50c805da6bf4f3838521710a365"}
,"/Users/richardosei/oj/assessments/hmtcs/api/middleware/validateCaseExists.js": {"path":"/Users/richardosei/oj/assessments/hmtcs/api/middleware/validateCaseExists.js","statementMap":{"0":{"start":{"line":6,"column":20},"end":{"line":6,"column":57}},"1":{"start":{"line":7,"column":21},"end":{"line":7,"column":44}},"2":{"start":{"line":12,"column":4},"end":{"line":25,"column":5}},"3":{"start":{"line":13,"column":23},"end":{"line":13,"column":36}},"4":{"start":{"line":14,"column":26},"end":{"line":14,"column":63}},"5":{"start":{"line":16,"column":8},"end":{"line":18,"column":9}},"6":{"start":{"line":17,"column":12},"end":{"line":17,"column":94}},"7":{"start":{"line":20,"column":8},"end":{"line":20,"column":29}},"8":{"start":{"line":21,"column":8},"end":{"line":21,"column":15}},"9":{"start":{"line":24,"column":8},"end":{"line":24,"column":20}},"10":{"start":{"line":28,"column":0},"end":{"line":28,"column":36}}},"fnMap":{"0":{"name":"validateCaseExists","decl":{"start":{"line":11,"column":15},"end":{"line":11,"column":33}},"loc":{"start":{"line":11,"column":50},"end":{"line":26,"column":1}},"line":11}},"branchMap":{"0":{"loc":{"start":{"line":16,"column":8},"end":{"line":18,"column":9}},"type":"if","locations":[{"start":{"line":16,"column":8},"end":{"line":18,"column":9}},{"start":{},"end":{}}],"line":16}},"s":{"0":1,"1":1,"2":3,"3":3,"4":3,"5":2,"6":1,"7":1,"8":1,"9":1,"10":1},"f":{"0":3},"b":{"0":[1,1]},"_coverageSchema":"1a1c01bbd47fc00a2c39e90264f33305004495a9","hash":"f06cba0e3093f73ec0318de481642ff4ad7437f8"}
,"/Users/richardosei/oj/assessments/hmtcs/api/middleware/validateUuidParam.js": {"path":"/Users/richardosei/oj/assessments/hmtcs/api/middleware/validateUuidParam.js","statementMap":{"0":{"start":{"line":1,"column":29},"end":{"line":1,"column":44}},"1":{"start":{"line":4,"column":17},"end":{"line":4,"column":27}},"2":{"start":{"line":6,"column":2},"end":{"line":11,"column":3}},"3":{"start":{"line":7,"column":4},"end":{"line":10,"column":7}},"4":{"start":{"line":13,"column":2},"end":{"line":13,"column":9}},"5":{"start":{"line":16,"column":0},"end":{"line":16,"column":35}}},"fnMap":{"0":{"name":"validateUuidParam","decl":{"start":{"line":3,"column":9},"end":{"line":3,"column":26}},"loc":{"start":{"line":3,"column":43},"end":{"line":14,"column":1}},"line":3}},"branchMap":{"0":{"loc":{"start":{"line":6,"column":2},"end":{"line":11,"column":3}},"type":"if","locations":[{"start":{"line":6,"column":2},"end":{"line":11,"column":3}},{"start":{},"end":{}}],"line":6}},"s":{"0":1,"1":2,"2":2,"3":1,"4":1,"5":1},"f":{"0":2},"b":{"0":[1,1]},"_coverageSchema":"1a1c01bbd47fc00a2c39e90264f33305004495a9","hash":"ceeea18fb7e1682afeaeba05bf658cd2dbc8beb5"}
,"/Users/richardosei/oj/assessments/hmtcs/api/models/case.js": {"path":"/Users/richardosei/oj/assessments/hmtcs/api/models/case.js","statementMap":{"0":{"start":{"line":10,"column":8},"end":{"line":10,"column":21}},"1":{"start":{"line":11,"column":8},"end":{"line":11,"column":27}},"2":{"start":{"line":12,"column":8},"end":{"line":12,"column":39}},"3":{"start":{"line":13,"column":8},"end":{"line":13,"column":29}},"4":{"start":{"line":14,"column":8},"end":{"line":14,"column":33}},"5":{"start":{"line":15,"column":8},"end":{"line":15,"column":31}},"6":{"start":{"line":19,"column":0},"end":{"line":19,"column":22}}},"fnMap":{"0":{"name":"(anonymous_0)","decl":{"start":{"line":2,"column":4},"end":{"line":2,"column":5}},"loc":{"start":{"line":9,"column":7},"end":{"line":16,"column":5}},"line":9}},"branchMap":{"0":{"loc":{"start":{"line":3,"column":8},"end":{"line":3,"column":17}},"type":"default-arg","locations":[{"start":{"line":3,"column":13},"end":{"line":3,"column":17}}],"line":3},"1":{"loc":{"start":{"line":6,"column":8},"end":{"line":6,"column":23}},"type":"default-arg","locations":[{"start":{"line":6,"column":17},"end":{"line":6,"column":23}}],"line":6},"2":{"loc":{"start":{"line":7,"column":8},"end":{"line":7,"column":24}},"type":"default-arg","locations":[{"start":{"line":7,"column":19},"end":{"line":7,"column":24}}],"line":7},"3":{"loc":{"start":{"line":8,"column":8},"end":{"line":8,"column":22}},"type":"default-arg","locations":[{"start":{"line":8,"column":18},"end":{"line":8,"column":22}}],"line":8}},"s":{"0":8,"1":8,"2":8,"3":8,"4":8,"5":8,"6":2},"f":{"0":8},"b":{"0":[2],"1":[0],"2":[2],"3":[2]},"_coverageSchema":"1a1c01bbd47fc00a2c39e90264f33305004495a9","hash":"9ea4dd9d60e1c9d45b341f2f0bfb039d2408f1c5"}
,"/Users/richardosei/oj/assessments/hmtcs/api/services/caseService.js": {"path":"/Users/richardosei/oj/assessments/hmtcs/api/services/caseService.js","statementMap":{"0":{"start":{"line":4,"column":13},"end":{"line":4,"column":41}},"1":{"start":{"line":6,"column":25},"end":{"line":6,"column":50}},"2":{"start":{"line":7,"column":15},"end":{"line":7,"column":33}},"3":{"start":{"line":16,"column":24},"end":{"line":16,"column":42}},"4":{"start":{"line":19,"column":22},"end":{"line":27,"column":10}},"5":{"start":{"line":29,"column":8},"end":{"line":29,"column":31}},"6":{"start":{"line":34,"column":22},"end":{"line":34,"column":86}},"7":{"start":{"line":35,"column":8},"end":{"line":35,"column":43}},"8":{"start":{"line":35,"column":30},"end":{"line":35,"column":41}},"9":{"start":{"line":40,"column":22},"end":{"line":40,"column":69}},"10":{"start":{"line":41,"column":8},"end":{"line":41,"column":46}},"11":{"start":{"line":46,"column":24},"end":{"line":49,"column":10}},"12":{"start":{"line":50,"column":8},"end":{"line":50,"column":33}},"13":{"start":{"line":55,"column":24},"end":{"line":58,"column":10}},"14":{"start":{"line":59,"column":8},"end":{"line":59,"column":33}},"15":{"start":{"line":64,"column":24},"end":{"line":67,"column":10}},"16":{"start":{"line":68,"column":8},"end":{"line":68,"column":33}},"17":{"start":{"line":73,"column":8},"end":{"line":73,"column":59}},"18":{"start":{"line":77,"column":0},"end":{"line":77,"column":35}}},"fnMap":{"0":{"name":"(anonymous_0)","decl":{"start":{"line":13,"column":4},"end":{"line":13,"column":5}},"loc":{"start":{"line":13,"column":31},"end":{"line":30,"column":5}},"line":13},"1":{"name":"(anonymous_1)","decl":{"start":{"line":33,"column":4},"end":{"line":33,"column":5}},"loc":{"start":{"line":33,"column":24},"end":{"line":36,"column":5}},"line":33},"2":{"name":"(anonymous_2)","decl":{"start":{"line":35,"column":25},"end":{"line":35,"column":26}},"loc":{"start":{"line":35,"column":30},"end":{"line":35,"column":41}},"line":35},"3":{"name":"(anonymous_3)","decl":{"start":{"line":39,"column":4},"end":{"line":39,"column":5}},"loc":{"start":{"line":39,"column":26},"end":{"line":42,"column":5}},"line":39},"4":{"name":"(anonymous_4)","decl":{"start":{"line":45,"column":4},"end":{"line":45,"column":5}},"loc":{"start":{"line":45,"column":35},"end":{"line":51,"column":5}},"line":45},"5":{"name":"(anonymous_5)","decl":{"start":{"line":54,"column":4},"end":{"line":54,"column":5}},"loc":{"start":{"line":54,"column":24},"end":{"line":60,"column":5}},"line":54},"6":{"name":"(anonymous_6)","decl":{"start":{"line":63,"column":4},"end":{"line":63,"column":5}},"loc":{"start":{"line":63,"column":24},"end":{"line":69,"column":5}},"line":63},"7":{"name":"(anonymous_7)","decl":{"start":{"line":72,"column":4},"end":{"line":72,"column":5}},"loc":{"start":{"line":72,"column":25},"end":{"line":74,"column":5}},"line":72}},"branchMap":{"0":{"loc":{"start":{"line":41,"column":15},"end":{"line":41,"column":45}},"type":"cond-expr","locations":[{"start":{"line":41,"column":23},"end":{"line":41,"column":38}},{"start":{"line":41,"column":41},"end":{"line":41,"column":45}}],"line":41}},"s":{"0":2,"1":2,"2":2,"3":1,"4":1,"5":1,"6":1,"7":1,"8":2,"9":2,"10":2,"11":1,"12":1,"13":1,"14":1,"15":1,"16":1,"17":1,"18":2},"f":{"0":1,"1":1,"2":2,"3":2,"4":1,"5":1,"6":1,"7":1},"b":{"0":[1,1]},"_coverageSchema":"1a1c01bbd47fc00a2c39e90264f33305004495a9","hash":"888c67a78a8458fd6f3d71007dab4ce49f04b42a"}
}
