{"/Users/richardosei/oj/assessments/hmtcs/api/app.js": {"path":"/Users/richardosei/oj/assessments/hmtcs/api/app.js","statementMap":{"0":{"start":{"line":1,"column":18},"end":{"line":1,"column":40}},"1":{"start":{"line":2,"column":14},"end":{"line":2,"column":32}},"2":{"start":{"line":3,"column":11},"end":{"line":3,"column":26}},"3":{"start":{"line":4,"column":19},"end":{"line":4,"column":43}},"4":{"start":{"line":5,"column":13},"end":{"line":5,"column":30}},"5":{"start":{"line":6,"column":11},"end":{"line":6,"column":26}},"6":{"start":{"line":7,"column":13},"end":{"line":7,"column":30}},"7":{"start":{"line":9,"column":18},"end":{"line":9,"column":43}},"8":{"start":{"line":10,"column":19},"end":{"line":10,"column":54}},"9":{"start":{"line":11,"column":19},"end":{"line":11,"column":54}},"10":{"start":{"line":12,"column":19},"end":{"line":12,"column":54}},"11":{"start":{"line":13,"column":21},"end":{"line":13,"column":58}},"12":{"start":{"line":15,"column":21},"end":{"line":15,"column":57}},"13":{"start":{"line":17,"column":10},"end":{"line":17,"column":19}},"14":{"start":{"line":20,"column":0},"end":{"line":20,"column":48}},"15":{"start":{"line":21,"column":0},"end":{"line":21,"column":31}},"16":{"start":{"line":24,"column":0},"end":{"line":24,"column":18}},"17":{"start":{"line":25,"column":0},"end":{"line":25,"column":16}},"18":{"start":{"line":26,"column":0},"end":{"line":26,"column":23}},"19":{"start":{"line":27,"column":0},"end":{"line":27,"column":24}},"20":{"start":{"line":28,"column":0},"end":{"line":28,"column":49}},"21":{"start":{"line":29,"column":0},"end":{"line":29,"column":24}},"22":{"start":{"line":30,"column":0},"end":{"line":30,"column":56}},"23":{"start":{"line":33,"column":0},"end":{"line":33,"column":26}},"24":{"start":{"line":34,"column":0},"end":{"line":34,"column":34}},"25":{"start":{"line":35,"column":0},"end":{"line":35,"column":32}},"26":{"start":{"line":36,"column":0},"end":{"line":36,"column":32}},"27":{"start":{"line":37,"column":0},"end":{"line":37,"column":32}},"28":{"start":{"line":40,"column":0},"end":{"line":42,"column":3}},"29":{"start":{"line":41,"column":2},"end":{"line":41,"column":25}},"30":{"start":{"line":45,"column":0},"end":{"line":45,"column":22}},"31":{"start":{"line":47,"column":0},"end":{"line":47,"column":21}}},"fnMap":{"0":{"name":"(anonymous_0)","decl":{"start":{"line":40,"column":8},"end":{"line":40,"column":9}},"loc":{"start":{"line":40,"column":33},"end":{"line":42,"column":1}},"line":40}},"branchMap":{},"s":{"0":1,"1":1,"2":1,"3":1,"4":1,"5":1,"6":1,"7":1,"8":1,"9":1,"10":1,"11":1,"12":1,"13":1,"14":1,"15":1,"16":1,"17":1,"18":1,"19":1,"20":1,"21":1,"22":1,"23":1,"24":1,"25":1,"26":1,"27":1,"28":1,"29":0,"30":1,"31":1},"f":{"0":0},"b":{},"_coverageSchema":"1a1c01bbd47fc00a2c39e90264f33305004495a9","hash":"45293f884e8733bf9b68cdd2fffd571af2b2a66c"}
,"/Users/richardosei/oj/assessments/hmtcs/api/constants.js": {"path":"/Users/richardosei/oj/assessments/hmtcs/api/constants.js","statementMap":{"0":{"start":{"line":7,"column":22},"end":{"line":7,"column":55}},"1":{"start":{"line":9,"column":24},"end":{"line":9,"column":49}},"2":{"start":{"line":11,"column":17},"end":{"line":26,"column":1}},"3":{"start":{"line":28,"column":0},"end":{"line":28,"column":62}}},"fnMap":{},"branchMap":{},"s":{"0":4,"1":4,"2":4,"3":4},"f":{},"b":{},"_coverageSchema":"1a1c01bbd47fc00a2c39e90264f33305004495a9","hash":"1e3e85785534d50c805da6bf4f3838521710a365"}
,"/Users/richardosei/oj/assessments/hmtcs/api/middleware/errorHandler.js": {"path":"/Users/richardosei/oj/assessments/hmtcs/api/middleware/errorHandler.js","statementMap":{"0":{"start":{"line":7,"column":21},"end":{"line":7,"column":44}},"1":{"start":{"line":10,"column":17},"end":{"line":10,"column":34}},"2":{"start":{"line":11,"column":18},"end":{"line":11,"column":63}},"3":{"start":{"line":13,"column":2},"end":{"line":17,"column":5}},"4":{"start":{"line":20,"column":0},"end":{"line":20,"column":30}}},"fnMap":{"0":{"name":"errorHandler","decl":{"start":{"line":9,"column":9},"end":{"line":9,"column":21}},"loc":{"start":{"line":9,"column":43},"end":{"line":18,"column":1}},"line":9}},"branchMap":{"0":{"loc":{"start":{"line":10,"column":17},"end":{"line":10,"column":34}},"type":"binary-expr","locations":[{"start":{"line":10,"column":17},"end":{"line":10,"column":27}},{"start":{"line":10,"column":31},"end":{"line":10,"column":34}}],"line":10},"1":{"loc":{"start":{"line":11,"column":18},"end":{"line":11,"column":63}},"type":"binary-expr","locations":[{"start":{"line":11,"column":18},"end":{"line":11,"column":29}},{"start":{"line":11,"column":33},"end":{"line":11,"column":63}}],"line":11},"2":{"loc":{"start":{"line":16,"column":13},"end":{"line":16,"column":72}},"type":"cond-expr","locations":[{"start":{"line":16,"column":53},"end":{"line":16,"column":62}},{"start":{"line":16,"column":65},"end":{"line":16,"column":72}}],"line":16}},"s":{"0":2,"1":2,"2":2,"3":2,"4":2},"f":{"0":2},"b":{"0":[2,1],"1":[2,0],"2":[0,2]},"_coverageSchema":"1a1c01bbd47fc00a2c39e90264f33305004495a9","hash":"1e463a4fcf18790c95285c0aecb9310004e41a9b"}
,"/Users/richardosei/oj/assessments/hmtcs/api/middleware/validateCaseExists.js": {"path":"/Users/richardosei/oj/assessments/hmtcs/api/middleware/validateCaseExists.js","statementMap":{"0":{"start":{"line":6,"column":20},"end":{"line":6,"column":57}},"1":{"start":{"line":7,"column":21},"end":{"line":7,"column":44}},"2":{"start":{"line":12,"column":4},"end":{"line":25,"column":5}},"3":{"start":{"line":13,"column":23},"end":{"line":13,"column":36}},"4":{"start":{"line":14,"column":26},"end":{"line":14,"column":63}},"5":{"start":{"line":16,"column":8},"end":{"line":18,"column":9}},"6":{"start":{"line":17,"column":12},"end":{"line":17,"column":94}},"7":{"start":{"line":20,"column":8},"end":{"line":20,"column":29}},"8":{"start":{"line":21,"column":8},"end":{"line":21,"column":15}},"9":{"start":{"line":24,"column":8},"end":{"line":24,"column":20}},"10":{"start":{"line":28,"column":0},"end":{"line":28,"column":36}}},"fnMap":{"0":{"name":"validateCaseExists","decl":{"start":{"line":11,"column":15},"end":{"line":11,"column":33}},"loc":{"start":{"line":11,"column":50},"end":{"line":26,"column":1}},"line":11}},"branchMap":{"0":{"loc":{"start":{"line":16,"column":8},"end":{"line":18,"column":9}},"type":"if","locations":[{"start":{"line":16,"column":8},"end":{"line":18,"column":9}},{"start":{},"end":{}}],"line":16}},"s":{"0":2,"1":2,"2":9,"3":9,"4":9,"5":8,"6":3,"7":5,"8":5,"9":1,"10":2},"f":{"0":9},"b":{"0":[3,5]},"_coverageSchema":"1a1c01bbd47fc00a2c39e90264f33305004495a9","hash":"f06cba0e3093f73ec0318de481642ff4ad7437f8"}
,"/Users/richardosei/oj/assessments/hmtcs/api/middleware/validateStatusAndPriority.js": {"path":"/Users/richardosei/oj/assessments/hmtcs/api/middleware/validateStatusAndPriority.js","statementMap":{"0":{"start":{"line":7,"column":53},"end":{"line":7,"column":76}},"1":{"start":{"line":11,"column":23},"end":{"line":11,"column":31}},"2":{"start":{"line":14,"column":22},"end":{"line":14,"column":50}},"3":{"start":{"line":16,"column":4},"end":{"line":18,"column":5}},"4":{"start":{"line":17,"column":8},"end":{"line":17,"column":90}},"5":{"start":{"line":19,"column":4},"end":{"line":19,"column":11}},"6":{"start":{"line":25,"column":25},"end":{"line":25,"column":33}},"7":{"start":{"line":28,"column":24},"end":{"line":28,"column":54}},"8":{"start":{"line":30,"column":4},"end":{"line":32,"column":5}},"9":{"start":{"line":31,"column":8},"end":{"line":31,"column":92}},"10":{"start":{"line":33,"column":4},"end":{"line":33,"column":11}},"11":{"start":{"line":36,"column":0},"end":{"line":39,"column":2}}},"fnMap":{"0":{"name":"validateStatusField","decl":{"start":{"line":10,"column":9},"end":{"line":10,"column":28}},"loc":{"start":{"line":10,"column":45},"end":{"line":21,"column":1}},"line":10},"1":{"name":"validatePriorityField","decl":{"start":{"line":24,"column":9},"end":{"line":24,"column":30}},"loc":{"start":{"line":24,"column":47},"end":{"line":34,"column":1}},"line":24}},"branchMap":{"0":{"loc":{"start":{"line":16,"column":4},"end":{"line":18,"column":5}},"type":"if","locations":[{"start":{"line":16,"column":4},"end":{"line":18,"column":5}},{"start":{},"end":{}}],"line":16},"1":{"loc":{"start":{"line":16,"column":8},"end":{"line":16,"column":53}},"type":"binary-expr","locations":[{"start":{"line":16,"column":8},"end":{"line":16,"column":15}},{"start":{"line":16,"column":19},"end":{"line":16,"column":53}}],"line":16},"2":{"loc":{"start":{"line":30,"column":4},"end":{"line":32,"column":5}},"type":"if","locations":[{"start":{"line":30,"column":4},"end":{"line":32,"column":5}},{"start":{},"end":{}}],"line":30},"3":{"loc":{"start":{"line":30,"column":8},"end":{"line":30,"column":58}},"type":"binary-expr","locations":[{"start":{"line":30,"column":8},"end":{"line":30,"column":17}},{"start":{"line":30,"column":20},"end":{"line":30,"column":58}}],"line":30}},"s":{"0":2,"1":5,"2":5,"3":5,"4":3,"5":2,"6":5,"7":5,"8":5,"9":3,"10":2,"11":2},"f":{"0":5,"1":5},"b":{"0":[3,2],"1":[5,4],"2":[3,2],"3":[5,4]},"_coverageSchema":"1a1c01bbd47fc00a2c39e90264f33305004495a9","hash":"5a0a501aeccd5cb08f40d4d7dd599c5c7aa72cde"}
,"/Users/richardosei/oj/assessments/hmtcs/api/middleware/validateUuidParam.js": {"path":"/Users/richardosei/oj/assessments/hmtcs/api/middleware/validateUuidParam.js","statementMap":{"0":{"start":{"line":5,"column":29},"end":{"line":5,"column":44}},"1":{"start":{"line":8,"column":17},"end":{"line":8,"column":27}},"2":{"start":{"line":10,"column":2},"end":{"line":15,"column":3}},"3":{"start":{"line":11,"column":4},"end":{"line":14,"column":7}},"4":{"start":{"line":17,"column":2},"end":{"line":17,"column":9}},"5":{"start":{"line":20,"column":0},"end":{"line":20,"column":35}}},"fnMap":{"0":{"name":"validateUuidParam","decl":{"start":{"line":7,"column":9},"end":{"line":7,"column":26}},"loc":{"start":{"line":7,"column":43},"end":{"line":18,"column":1}},"line":7}},"branchMap":{"0":{"loc":{"start":{"line":10,"column":2},"end":{"line":15,"column":3}},"type":"if","locations":[{"start":{"line":10,"column":2},"end":{"line":15,"column":3}},{"start":{},"end":{}}],"line":10}},"s":{"0":2,"1":10,"2":10,"3":1,"4":9,"5":2},"f":{"0":10},"b":{"0":[1,9]},"_coverageSchema":"1a1c01bbd47fc00a2c39e90264f33305004495a9","hash":"228f36bb2e7b8d0db560bd094a91dfa9d447e907"}
,"/Users/richardosei/oj/assessments/hmtcs/api/models/case.js": {"path":"/Users/richardosei/oj/assessments/hmtcs/api/models/case.js","statementMap":{"0":{"start":{"line":10,"column":8},"end":{"line":10,"column":21}},"1":{"start":{"line":11,"column":8},"end":{"line":11,"column":27}},"2":{"start":{"line":12,"column":8},"end":{"line":12,"column":39}},"3":{"start":{"line":13,"column":8},"end":{"line":13,"column":29}},"4":{"start":{"line":14,"column":8},"end":{"line":14,"column":33}},"5":{"start":{"line":15,"column":8},"end":{"line":15,"column":31}},"6":{"start":{"line":19,"column":0},"end":{"line":19,"column":22}}},"fnMap":{"0":{"name":"(anonymous_0)","decl":{"start":{"line":2,"column":4},"end":{"line":2,"column":5}},"loc":{"start":{"line":9,"column":7},"end":{"line":16,"column":5}},"line":9}},"branchMap":{"0":{"loc":{"start":{"line":3,"column":8},"end":{"line":3,"column":17}},"type":"default-arg","locations":[{"start":{"line":3,"column":13},"end":{"line":3,"column":17}}],"line":3},"1":{"loc":{"start":{"line":6,"column":8},"end":{"line":6,"column":23}},"type":"default-arg","locations":[{"start":{"line":6,"column":17},"end":{"line":6,"column":23}}],"line":6},"2":{"loc":{"start":{"line":7,"column":8},"end":{"line":7,"column":24}},"type":"default-arg","locations":[{"start":{"line":7,"column":19},"end":{"line":7,"column":24}}],"line":7},"3":{"loc":{"start":{"line":8,"column":8},"end":{"line":8,"column":22}},"type":"default-arg","locations":[{"start":{"line":8,"column":18},"end":{"line":8,"column":22}}],"line":8}},"s":{"0":8,"1":8,"2":8,"3":8,"4":8,"5":8,"6":3},"f":{"0":8},"b":{"0":[2],"1":[0],"2":[2],"3":[2]},"_coverageSchema":"1a1c01bbd47fc00a2c39e90264f33305004495a9","hash":"9ea4dd9d60e1c9d45b341f2f0bfb039d2408f1c5"}
,"/Users/richardosei/oj/assessments/hmtcs/api/routes/createCaseRoute.js": {"path":"/Users/richardosei/oj/assessments/hmtcs/api/routes/createCaseRoute.js","statementMap":{"0":{"start":{"line":5,"column":53},"end":{"line":5,"column":76}},"1":{"start":{"line":7,"column":14},"end":{"line":7,"column":32}},"2":{"start":{"line":8,"column":13},"end":{"line":8,"column":29}},"3":{"start":{"line":11,"column":20},"end":{"line":11,"column":57}},"4":{"start":{"line":15,"column":0},"end":{"line":51,"column":3}},"5":{"start":{"line":16,"column":4},"end":{"line":49,"column":5}},"6":{"start":{"line":17,"column":66},"end":{"line":17,"column":74}},"7":{"start":{"line":20,"column":8},"end":{"line":22,"column":9}},"8":{"start":{"line":21,"column":12},"end":{"line":21,"column":102}},"9":{"start":{"line":24,"column":26},"end":{"line":24,"column":54}},"10":{"start":{"line":25,"column":28},"end":{"line":25,"column":58}},"11":{"start":{"line":27,"column":8},"end":{"line":29,"column":9}},"12":{"start":{"line":28,"column":12},"end":{"line":28,"column":92}},"13":{"start":{"line":31,"column":8},"end":{"line":33,"column":9}},"14":{"start":{"line":32,"column":12},"end":{"line":32,"column":94}},"15":{"start":{"line":35,"column":28},"end":{"line":41,"column":9}},"16":{"start":{"line":43,"column":24},"end":{"line":43,"column":65}},"17":{"start":{"line":45,"column":8},"end":{"line":45,"column":63}},"18":{"start":{"line":48,"column":8},"end":{"line":48,"column":20}},"19":{"start":{"line":53,"column":0},"end":{"line":53,"column":24}}},"fnMap":{"0":{"name":"(anonymous_0)","decl":{"start":{"line":15,"column":17},"end":{"line":15,"column":18}},"loc":{"start":{"line":15,"column":43},"end":{"line":51,"column":1}},"line":15}},"branchMap":{"0":{"loc":{"start":{"line":20,"column":8},"end":{"line":22,"column":9}},"type":"if","locations":[{"start":{"line":20,"column":8},"end":{"line":22,"column":9}},{"start":{},"end":{}}],"line":20},"1":{"loc":{"start":{"line":20,"column":12},"end":{"line":20,"column":30}},"type":"binary-expr","locations":[{"start":{"line":20,"column":12},"end":{"line":20,"column":18}},{"start":{"line":20,"column":22},"end":{"line":20,"column":30}}],"line":20},"2":{"loc":{"start":{"line":27,"column":8},"end":{"line":29,"column":9}},"type":"if","locations":[{"start":{"line":27,"column":8},"end":{"line":29,"column":9}},{"start":{},"end":{}}],"line":27},"3":{"loc":{"start":{"line":27,"column":12},"end":{"line":27,"column":59}},"type":"binary-expr","locations":[{"start":{"line":27,"column":12},"end":{"line":27,"column":21}},{"start":{"line":27,"column":25},"end":{"line":27,"column":59}}],"line":27},"4":{"loc":{"start":{"line":31,"column":8},"end":{"line":33,"column":9}},"type":"if","locations":[{"start":{"line":31,"column":8},"end":{"line":33,"column":9}},{"start":{},"end":{}}],"line":31},"5":{"loc":{"start":{"line":31,"column":12},"end":{"line":31,"column":65}},"type":"binary-expr","locations":[{"start":{"line":31,"column":12},"end":{"line":31,"column":23}},{"start":{"line":31,"column":27},"end":{"line":31,"column":65}}],"line":31},"6":{"loc":{"start":{"line":37,"column":25},"end":{"line":37,"column":42}},"type":"binary-expr","locations":[{"start":{"line":37,"column":25},"end":{"line":37,"column":36}},{"start":{"line":37,"column":40},"end":{"line":37,"column":42}}],"line":37},"7":{"loc":{"start":{"line":38,"column":20},"end":{"line":38,"column":39}},"type":"binary-expr","locations":[{"start":{"line":38,"column":20},"end":{"line":38,"column":29}},{"start":{"line":38,"column":33},"end":{"line":38,"column":39}}],"line":38},"8":{"loc":{"start":{"line":39,"column":22},"end":{"line":39,"column":42}},"type":"binary-expr","locations":[{"start":{"line":39,"column":22},"end":{"line":39,"column":33}},{"start":{"line":39,"column":37},"end":{"line":39,"column":42}}],"line":39}},"s":{"0":1,"1":1,"2":1,"3":1,"4":1,"5":1,"6":1,"7":1,"8":0,"9":1,"10":1,"11":1,"12":0,"13":1,"14":0,"15":1,"16":1,"17":1,"18":0,"19":1},"f":{"0":1},"b":{"0":[0,1],"1":[1,1],"2":[0,1],"3":[1,1],"4":[0,1],"5":[1,1],"6":[1,0],"7":[1,0],"8":[1,0]},"_coverageSchema":"1a1c01bbd47fc00a2c39e90264f33305004495a9","hash":"33434aacd339fa23dd8ae9d3189d367ad1306a7b"}
,"/Users/richardosei/oj/assessments/hmtcs/api/routes/deleteCaseRoute.js": {"path":"/Users/richardosei/oj/assessments/hmtcs/api/routes/deleteCaseRoute.js","statementMap":{"0":{"start":{"line":6,"column":14},"end":{"line":6,"column":32}},"1":{"start":{"line":7,"column":13},"end":{"line":7,"column":29}},"2":{"start":{"line":9,"column":20},"end":{"line":9,"column":57}},"3":{"start":{"line":10,"column":36},"end":{"line":10,"column":59}},"4":{"start":{"line":11,"column":27},"end":{"line":11,"column":70}},"5":{"start":{"line":12,"column":26},"end":{"line":12,"column":68}},"6":{"start":{"line":15,"column":0},"end":{"line":26,"column":3}},"7":{"start":{"line":16,"column":4},"end":{"line":25,"column":5}},"8":{"start":{"line":18,"column":28},"end":{"line":18,"column":69}},"9":{"start":{"line":21,"column":8},"end":{"line":21,"column":87}},"10":{"start":{"line":24,"column":8},"end":{"line":24,"column":20}},"11":{"start":{"line":28,"column":0},"end":{"line":28,"column":24}}},"fnMap":{"0":{"name":"(anonymous_0)","decl":{"start":{"line":15,"column":61},"end":{"line":15,"column":62}},"loc":{"start":{"line":15,"column":87},"end":{"line":26,"column":1}},"line":15}},"branchMap":{},"s":{"0":1,"1":1,"2":1,"3":1,"4":1,"5":1,"6":1,"7":1,"8":1,"9":1,"10":0,"11":1},"f":{"0":1},"b":{},"_coverageSchema":"1a1c01bbd47fc00a2c39e90264f33305004495a9","hash":"d35ccdd42342400eef62752e9f5dbe9020bcc1c4"}
,"/Users/richardosei/oj/assessments/hmtcs/api/routes/index.js": {"path":"/Users/richardosei/oj/assessments/hmtcs/api/routes/index.js","statementMap":{"0":{"start":{"line":1,"column":14},"end":{"line":1,"column":32}},"1":{"start":{"line":2,"column":13},"end":{"line":2,"column":29}},"2":{"start":{"line":5,"column":0},"end":{"line":7,"column":3}},"3":{"start":{"line":6,"column":2},"end":{"line":6,"column":44}},"4":{"start":{"line":9,"column":0},"end":{"line":9,"column":24}}},"fnMap":{"0":{"name":"(anonymous_0)","decl":{"start":{"line":5,"column":16},"end":{"line":5,"column":17}},"loc":{"start":{"line":5,"column":36},"end":{"line":7,"column":1}},"line":5}},"branchMap":{},"s":{"0":1,"1":1,"2":1,"3":0,"4":1},"f":{"0":0},"b":{},"_coverageSchema":"1a1c01bbd47fc00a2c39e90264f33305004495a9","hash":"7e90cd5561e7692b2f2df870e48506b2b02037b6"}
,"/Users/richardosei/oj/assessments/hmtcs/api/routes/retrieveCaseRoute.js": {"path":"/Users/richardosei/oj/assessments/hmtcs/api/routes/retrieveCaseRoute.js","statementMap":{"0":{"start":{"line":5,"column":14},"end":{"line":5,"column":32}},"1":{"start":{"line":6,"column":13},"end":{"line":6,"column":29}},"2":{"start":{"line":8,"column":20},"end":{"line":8,"column":57}},"3":{"start":{"line":9,"column":21},"end":{"line":9,"column":47}},"4":{"start":{"line":10,"column":27},"end":{"line":10,"column":70}},"5":{"start":{"line":11,"column":26},"end":{"line":11,"column":68}},"6":{"start":{"line":15,"column":0},"end":{"line":24,"column":3}},"7":{"start":{"line":16,"column":4},"end":{"line":23,"column":5}},"8":{"start":{"line":17,"column":22},"end":{"line":17,"column":53}},"9":{"start":{"line":19,"column":8},"end":{"line":19,"column":49}},"10":{"start":{"line":22,"column":8},"end":{"line":22,"column":20}},"11":{"start":{"line":27,"column":0},"end":{"line":33,"column":3}},"12":{"start":{"line":28,"column":4},"end":{"line":32,"column":5}},"13":{"start":{"line":29,"column":8},"end":{"line":29,"column":82}},"14":{"start":{"line":31,"column":8},"end":{"line":31,"column":20}},"15":{"start":{"line":35,"column":0},"end":{"line":35,"column":24}}},"fnMap":{"0":{"name":"(anonymous_0)","decl":{"start":{"line":15,"column":16},"end":{"line":15,"column":17}},"loc":{"start":{"line":15,"column":42},"end":{"line":24,"column":1}},"line":15},"1":{"name":"(anonymous_1)","decl":{"start":{"line":27,"column":58},"end":{"line":27,"column":59}},"loc":{"start":{"line":27,"column":84},"end":{"line":33,"column":1}},"line":27}},"branchMap":{},"s":{"0":1,"1":1,"2":1,"3":1,"4":1,"5":1,"6":1,"7":1,"8":1,"9":1,"10":0,"11":1,"12":1,"13":1,"14":0,"15":1},"f":{"0":1,"1":1},"b":{},"_coverageSchema":"1a1c01bbd47fc00a2c39e90264f33305004495a9","hash":"ddf31fedd101dff9bfcd850241981298e8cca857"}
,"/Users/richardosei/oj/assessments/hmtcs/api/routes/updateCaseRoute.js": {"path":"/Users/richardosei/oj/assessments/hmtcs/api/routes/updateCaseRoute.js","statementMap":{"0":{"start":{"line":6,"column":53},"end":{"line":6,"column":76}},"1":{"start":{"line":7,"column":20},"end":{"line":7,"column":57}},"2":{"start":{"line":8,"column":27},"end":{"line":8,"column":70}},"3":{"start":{"line":9,"column":26},"end":{"line":9,"column":68}},"4":{"start":{"line":11,"column":14},"end":{"line":11,"column":32}},"5":{"start":{"line":12,"column":55},"end":{"line":12,"column":108}},"6":{"start":{"line":13,"column":13},"end":{"line":13,"column":29}},"7":{"start":{"line":16,"column":0},"end":{"line":36,"column":3}},"8":{"start":{"line":17,"column":4},"end":{"line":35,"column":5}},"9":{"start":{"line":18,"column":27},"end":{"line":18,"column":35}},"10":{"start":{"line":20,"column":26},"end":{"line":20,"column":54}},"11":{"start":{"line":22,"column":32},"end":{"line":24,"column":9}},"12":{"start":{"line":26,"column":28},"end":{"line":26,"column":86}},"13":{"start":{"line":28,"column":8},"end":{"line":32,"column":9}},"14":{"start":{"line":29,"column":12},"end":{"line":29,"column":98}},"15":{"start":{"line":31,"column":12},"end":{"line":31,"column":94}},"16":{"start":{"line":34,"column":8},"end":{"line":34,"column":20}},"17":{"start":{"line":40,"column":0},"end":{"line":61,"column":3}},"18":{"start":{"line":41,"column":4},"end":{"line":60,"column":5}},"19":{"start":{"line":42,"column":29},"end":{"line":42,"column":37}},"20":{"start":{"line":44,"column":28},"end":{"line":44,"column":58}},"21":{"start":{"line":47,"column":32},"end":{"line":49,"column":9}},"22":{"start":{"line":51,"column":28},"end":{"line":51,"column":86}},"23":{"start":{"line":53,"column":8},"end":{"line":57,"column":9}},"24":{"start":{"line":54,"column":12},"end":{"line":54,"column":100}},"25":{"start":{"line":56,"column":12},"end":{"line":56,"column":94}},"26":{"start":{"line":59,"column":8},"end":{"line":59,"column":20}},"27":{"start":{"line":63,"column":0},"end":{"line":63,"column":24}}},"fnMap":{"0":{"name":"(anonymous_0)","decl":{"start":{"line":16,"column":88},"end":{"line":16,"column":89}},"loc":{"start":{"line":16,"column":114},"end":{"line":36,"column":1}},"line":16},"1":{"name":"(anonymous_1)","decl":{"start":{"line":40,"column":92},"end":{"line":40,"column":93}},"loc":{"start":{"line":40,"column":118},"end":{"line":61,"column":1}},"line":40}},"branchMap":{"0":{"loc":{"start":{"line":28,"column":8},"end":{"line":32,"column":9}},"type":"if","locations":[{"start":{"line":28,"column":8},"end":{"line":32,"column":9}},{"start":{"line":30,"column":15},"end":{"line":32,"column":9}}],"line":28},"1":{"loc":{"start":{"line":53,"column":8},"end":{"line":57,"column":9}},"type":"if","locations":[{"start":{"line":53,"column":8},"end":{"line":57,"column":9}},{"start":{"line":55,"column":15},"end":{"line":57,"column":9}}],"line":53}},"s":{"0":1,"1":1,"2":1,"3":1,"4":1,"5":1,"6":1,"7":1,"8":1,"9":1,"10":1,"11":1,"12":1,"13":1,"14":1,"15":0,"16":0,"17":1,"18":1,"19":1,"20":1,"21":1,"22":1,"23":1,"24":1,"25":0,"26":0,"27":1},"f":{"0":1,"1":1},"b":{"0":[1,0],"1":[1,0]},"_coverageSchema":"1a1c01bbd47fc00a2c39e90264f33305004495a9","hash":"2be5ba9841ff24cf7a4940fbc6ac28fa2301f923"}
,"/Users/richardosei/oj/assessments/hmtcs/api/services/caseService.js": {"path":"/Users/richardosei/oj/assessments/hmtcs/api/services/caseService.js","statementMap":{"0":{"start":{"line":4,"column":13},"end":{"line":4,"column":41}},"1":{"start":{"line":6,"column":25},"end":{"line":6,"column":50}},"2":{"start":{"line":7,"column":15},"end":{"line":7,"column":33}},"3":{"start":{"line":16,"column":24},"end":{"line":16,"column":42}},"4":{"start":{"line":19,"column":22},"end":{"line":27,"column":10}},"5":{"start":{"line":29,"column":8},"end":{"line":29,"column":31}},"6":{"start":{"line":34,"column":22},"end":{"line":34,"column":86}},"7":{"start":{"line":35,"column":8},"end":{"line":35,"column":43}},"8":{"start":{"line":35,"column":30},"end":{"line":35,"column":41}},"9":{"start":{"line":40,"column":22},"end":{"line":40,"column":69}},"10":{"start":{"line":41,"column":8},"end":{"line":41,"column":46}},"11":{"start":{"line":46,"column":24},"end":{"line":49,"column":10}},"12":{"start":{"line":50,"column":8},"end":{"line":50,"column":33}},"13":{"start":{"line":55,"column":24},"end":{"line":58,"column":10}},"14":{"start":{"line":59,"column":8},"end":{"line":59,"column":33}},"15":{"start":{"line":64,"column":24},"end":{"line":67,"column":10}},"16":{"start":{"line":68,"column":8},"end":{"line":68,"column":33}},"17":{"start":{"line":73,"column":8},"end":{"line":73,"column":59}},"18":{"start":{"line":77,"column":0},"end":{"line":77,"column":35}}},"fnMap":{"0":{"name":"(anonymous_0)","decl":{"start":{"line":13,"column":4},"end":{"line":13,"column":5}},"loc":{"start":{"line":13,"column":31},"end":{"line":30,"column":5}},"line":13},"1":{"name":"(anonymous_1)","decl":{"start":{"line":33,"column":4},"end":{"line":33,"column":5}},"loc":{"start":{"line":33,"column":24},"end":{"line":36,"column":5}},"line":33},"2":{"name":"(anonymous_2)","decl":{"start":{"line":35,"column":25},"end":{"line":35,"column":26}},"loc":{"start":{"line":35,"column":30},"end":{"line":35,"column":41}},"line":35},"3":{"name":"(anonymous_3)","decl":{"start":{"line":39,"column":4},"end":{"line":39,"column":5}},"loc":{"start":{"line":39,"column":26},"end":{"line":42,"column":5}},"line":39},"4":{"name":"(anonymous_4)","decl":{"start":{"line":45,"column":4},"end":{"line":45,"column":5}},"loc":{"start":{"line":45,"column":35},"end":{"line":51,"column":5}},"line":45},"5":{"name":"(anonymous_5)","decl":{"start":{"line":54,"column":4},"end":{"line":54,"column":5}},"loc":{"start":{"line":54,"column":24},"end":{"line":60,"column":5}},"line":54},"6":{"name":"(anonymous_6)","decl":{"start":{"line":63,"column":4},"end":{"line":63,"column":5}},"loc":{"start":{"line":63,"column":24},"end":{"line":69,"column":5}},"line":63},"7":{"name":"(anonymous_7)","decl":{"start":{"line":72,"column":4},"end":{"line":72,"column":5}},"loc":{"start":{"line":72,"column":25},"end":{"line":74,"column":5}},"line":72}},"branchMap":{"0":{"loc":{"start":{"line":41,"column":15},"end":{"line":41,"column":45}},"type":"cond-expr","locations":[{"start":{"line":41,"column":23},"end":{"line":41,"column":38}},{"start":{"line":41,"column":41},"end":{"line":41,"column":45}}],"line":41}},"s":{"0":3,"1":3,"2":3,"3":1,"4":1,"5":1,"6":1,"7":1,"8":2,"9":2,"10":2,"11":1,"12":1,"13":1,"14":1,"15":1,"16":1,"17":1,"18":3},"f":{"0":1,"1":1,"2":2,"3":2,"4":1,"5":1,"6":1,"7":1},"b":{"0":[1,1]},"_coverageSchema":"1a1c01bbd47fc00a2c39e90264f33305004495a9","hash":"888c67a78a8458fd6f3d71007dab4ce49f04b42a"}
}
