TN:
SF:constants.js
FNF:0
FNH:0
DA:7,1
DA:9,1
DA:11,1
DA:28,1
LF:4
LH:4
BRF:0
BRH:0
end_of_record
TN:
SF:middleware/validateCaseExists.js
FN:11,validateCaseExists
FNF:1
FNH:1
FNDA:3,validateCaseExists
DA:6,1
DA:7,1
DA:12,3
DA:13,3
DA:14,3
DA:16,2
DA:17,1
DA:20,1
DA:21,1
DA:24,1
DA:28,1
LF:11
LH:11
BRDA:16,0,0,1
BRDA:16,0,1,1
BRF:2
BRH:2
end_of_record
TN:
SF:models/case.js
FN:2,(anonymous_0)
FNF:1
FNH:1
FNDA:8,(anonymous_0)
DA:10,8
DA:11,8
DA:12,8
DA:13,8
DA:14,8
DA:15,8
DA:19,2
LF:7
LH:7
BRDA:3,0,0,2
BRDA:6,1,0,0
BRDA:7,2,0,2
BRDA:8,3,0,2
BRF:4
BRH:3
end_of_record
TN:
SF:services/caseService.js
FN:13,(anonymous_0)
FN:33,(anonymous_1)
FN:35,(anonymous_2)
FN:39,(anonymous_3)
FN:45,(anonymous_4)
FN:54,(anonymous_5)
FN:63,(anonymous_6)
FN:72,(anonymous_7)
FNF:8
FNH:8
FNDA:1,(anonymous_0)
FNDA:1,(anonymous_1)
FNDA:2,(anonymous_2)
FNDA:2,(anonymous_3)
FNDA:1,(anonymous_4)
FNDA:1,(anonymous_5)
FNDA:1,(anonymous_6)
FNDA:1,(anonymous_7)
DA:4,2
DA:6,2
DA:7,2
DA:16,1
DA:19,1
DA:29,1
DA:34,1
DA:35,2
DA:40,2
DA:41,2
DA:46,1
DA:50,1
DA:55,1
DA:59,1
DA:64,1
DA:68,1
DA:73,1
DA:77,2
LF:18
LH:18
BRDA:41,0,0,1
BRDA:41,0,1,1
BRF:2
BRH:2
end_of_record
