TN:
SF:app.js
FN:40,(anonymous_0)
FNF:1
FNH:0
FNDA:0,(anonymous_0)
DA:1,1
DA:2,1
DA:3,1
DA:4,1
DA:5,1
DA:6,1
DA:7,1
DA:9,1
DA:10,1
DA:11,1
DA:12,1
DA:13,1
DA:15,1
DA:17,1
DA:20,1
DA:21,1
DA:24,1
DA:25,1
DA:26,1
DA:27,1
DA:28,1
DA:29,1
DA:30,1
DA:33,1
DA:34,1
DA:35,1
DA:36,1
DA:37,1
DA:40,1
DA:41,0
DA:45,1
DA:47,1
LF:32
LH:31
BRF:0
BRH:0
end_of_record
TN:
SF:constants.js
FNF:0
FNH:0
DA:7,4
DA:9,4
DA:11,4
DA:28,4
LF:4
LH:4
BRF:0
BRH:0
end_of_record
TN:
SF:middleware/errorHandler.js
FN:9,errorHandler
FNF:1
FNH:1
FNDA:2,errorHandler
DA:7,2
DA:10,2
DA:11,2
DA:13,2
DA:20,2
LF:5
LH:5
BRDA:10,0,0,2
BRDA:10,0,1,1
BRDA:11,1,0,2
BRDA:11,1,1,0
BRDA:16,2,0,0
BRDA:16,2,1,2
BRF:6
BRH:4
end_of_record
TN:
SF:middleware/validateCaseExists.js
FN:11,validateCaseExists
FNF:1
FNH:1
FNDA:9,validateCaseExists
DA:6,2
DA:7,2
DA:12,9
DA:13,9
DA:14,9
DA:16,8
DA:17,3
DA:20,5
DA:21,5
DA:24,1
DA:28,2
LF:11
LH:11
BRDA:16,0,0,3
BRDA:16,0,1,5
BRF:2
BRH:2
end_of_record
TN:
SF:middleware/validateStatusAndPriority.js
FN:10,validateStatusField
FN:24,validatePriorityField
FNF:2
FNH:2
FNDA:5,validateStatusField
FNDA:5,validatePriorityField
DA:7,2
DA:11,5
DA:14,5
DA:16,5
DA:17,3
DA:19,2
DA:25,5
DA:28,5
DA:30,5
DA:31,3
DA:33,2
DA:36,2
LF:12
LH:12
BRDA:16,0,0,3
BRDA:16,0,1,2
BRDA:16,1,0,5
BRDA:16,1,1,4
BRDA:30,2,0,3
BRDA:30,2,1,2
BRDA:30,3,0,5
BRDA:30,3,1,4
BRF:8
BRH:8
end_of_record
TN:
SF:middleware/validateUuidParam.js
FN:7,validateUuidParam
FNF:1
FNH:1
FNDA:10,validateUuidParam
DA:5,2
DA:8,10
DA:10,10
DA:11,1
DA:17,9
DA:20,2
LF:6
LH:6
BRDA:10,0,0,1
BRDA:10,0,1,9
BRF:2
BRH:2
end_of_record
TN:
SF:models/case.js
FN:2,(anonymous_0)
FNF:1
FNH:1
FNDA:8,(anonymous_0)
DA:10,8
DA:11,8
DA:12,8
DA:13,8
DA:14,8
DA:15,8
DA:19,3
LF:7
LH:7
BRDA:3,0,0,2
BRDA:6,1,0,0
BRDA:7,2,0,2
BRDA:8,3,0,2
BRF:4
BRH:3
end_of_record
TN:
SF:routes/createCaseRoute.js
FN:15,(anonymous_0)
FNF:1
FNH:1
FNDA:1,(anonymous_0)
DA:5,1
DA:7,1
DA:8,1
DA:11,1
DA:15,1
DA:16,1
DA:17,1
DA:20,1
DA:21,0
DA:24,1
DA:25,1
DA:27,1
DA:28,0
DA:31,1
DA:32,0
DA:35,1
DA:43,1
DA:45,1
DA:48,0
DA:53,1
LF:20
LH:16
BRDA:20,0,0,0
BRDA:20,0,1,1
BRDA:20,1,0,1
BRDA:20,1,1,1
BRDA:27,2,0,0
BRDA:27,2,1,1
BRDA:27,3,0,1
BRDA:27,3,1,1
BRDA:31,4,0,0
BRDA:31,4,1,1
BRDA:31,5,0,1
BRDA:31,5,1,1
BRDA:37,6,0,1
BRDA:37,6,1,0
BRDA:38,7,0,1
BRDA:38,7,1,0
BRDA:39,8,0,1
BRDA:39,8,1,0
BRF:18
BRH:12
end_of_record
TN:
SF:routes/deleteCaseRoute.js
FN:15,(anonymous_0)
FNF:1
FNH:1
FNDA:1,(anonymous_0)
DA:6,1
DA:7,1
DA:9,1
DA:10,1
DA:11,1
DA:12,1
DA:15,1
DA:16,1
DA:18,1
DA:21,1
DA:24,0
DA:28,1
LF:12
LH:11
BRF:0
BRH:0
end_of_record
TN:
SF:routes/index.js
FN:5,(anonymous_0)
FNF:1
FNH:0
FNDA:0,(anonymous_0)
DA:1,1
DA:2,1
DA:5,1
DA:6,0
DA:9,1
LF:5
LH:4
BRF:0
BRH:0
end_of_record
TN:
SF:routes/retrieveCaseRoute.js
FN:15,(anonymous_0)
FN:27,(anonymous_1)
FNF:2
FNH:2
FNDA:1,(anonymous_0)
FNDA:1,(anonymous_1)
DA:5,1
DA:6,1
DA:8,1
DA:9,1
DA:10,1
DA:11,1
DA:15,1
DA:16,1
DA:17,1
DA:19,1
DA:22,0
DA:27,1
DA:28,1
DA:29,1
DA:31,0
DA:35,1
LF:16
LH:14
BRF:0
BRH:0
end_of_record
TN:
SF:routes/updateCaseRoute.js
FN:16,(anonymous_0)
FN:40,(anonymous_1)
FNF:2
FNH:2
FNDA:1,(anonymous_0)
FNDA:1,(anonymous_1)
DA:6,1
DA:7,1
DA:8,1
DA:9,1
DA:11,1
DA:12,1
DA:13,1
DA:16,1
DA:17,1
DA:18,1
DA:20,1
DA:22,1
DA:26,1
DA:28,1
DA:29,1
DA:31,0
DA:34,0
DA:40,1
DA:41,1
DA:42,1
DA:44,1
DA:47,1
DA:51,1
DA:53,1
DA:54,1
DA:56,0
DA:59,0
DA:63,1
LF:28
LH:24
BRDA:28,0,0,1
BRDA:28,0,1,0
BRDA:53,1,0,1
BRDA:53,1,1,0
BRF:4
BRH:2
end_of_record
TN:
SF:services/caseService.js
FN:13,(anonymous_0)
FN:33,(anonymous_1)
FN:35,(anonymous_2)
FN:39,(anonymous_3)
FN:45,(anonymous_4)
FN:54,(anonymous_5)
FN:63,(anonymous_6)
FN:72,(anonymous_7)
FNF:8
FNH:8
FNDA:1,(anonymous_0)
FNDA:1,(anonymous_1)
FNDA:2,(anonymous_2)
FNDA:2,(anonymous_3)
FNDA:1,(anonymous_4)
FNDA:1,(anonymous_5)
FNDA:1,(anonymous_6)
FNDA:1,(anonymous_7)
DA:4,3
DA:6,3
DA:7,3
DA:16,1
DA:19,1
DA:29,1
DA:34,1
DA:35,2
DA:40,2
DA:41,2
DA:46,1
DA:50,1
DA:55,1
DA:59,1
DA:64,1
DA:68,1
DA:73,1
DA:77,3
LF:18
LH:18
BRDA:41,0,0,1
BRDA:41,0,1,1
BRF:2
BRH:2
end_of_record
